MyCar2/MyCar/lib/pingpp/build/intermediates/proguard-rules/release/aapt_rules.txt
# view res/layout/cmbkeyboard.xml #generated:104
-keep class android.inputmethodservice.KeyboardView { <init>(...); }

# view res/layout/activity_pingpp_payment.xml #generated:29
-keep class com.pingplusplus.android.WebViewEx { <init>(...); }