MyCar2/MyCar/lib/pingpp/build/outputs/mapping/release/seeds.txt
com.alipay.mobile.framework.service.annotation.OperationType
com.alipay.mobile.framework.service.annotation.OperationType: java.lang.String value()
com.alipay.mobile.framework.service.annotation.ResetCookie
com.alipay.mobile.framework.service.annotation.UpdateDeviceInfo
com.alipay.mobilesecuritysdk.face.SecurityClientMobile
com.alipay.mobilesecuritysdk.face.SecurityClientMobile: SecurityClientMobile()
com.alipay.mobilesecuritysdk.face.SecurityClientMobile: java.lang.String GetApdid(android.content.Context,java.util.Map)
com.alipay.sdk.a
com.alipay.sdk.a: boolean a
com.alipay.sdk.a: a()
com.alipay.sdk.app.AuthTask
com.alipay.sdk.app.AuthTask: int b
com.alipay.sdk.app.AuthTask: android.app.Activity c
com.alipay.sdk.app.AuthTask: com.alipay.sdk.widget.a d
com.alipay.sdk.app.AuthTask: java.lang.Object a
com.alipay.sdk.app.AuthTask: AuthTask(android.app.Activity)
com.alipay.sdk.app.AuthTask: com.alipay.sdk.util.e$a a()
com.alipay.sdk.app.AuthTask: void b()
com.alipay.sdk.app.AuthTask: void c()
com.alipay.sdk.app.AuthTask: java.util.Map authV2(java.lang.String,boolean)
com.alipay.sdk.app.AuthTask: java.lang.String auth(java.lang.String,boolean)
com.alipay.sdk.app.AuthTask: java.lang.String a(android.app.Activity,java.lang.String)
com.alipay.sdk.app.AuthTask: java.lang.String b(android.app.Activity,java.lang.String)
com.alipay.sdk.app.AuthTask: java.lang.String a(com.alipay.sdk.protocol.b)
com.alipay.sdk.app.AuthTask: boolean a(android.content.Context)
com.alipay.sdk.app.AuthTask: void a(com.alipay.sdk.app.AuthTask)
com.alipay.sdk.app.AuthTask: void <clinit>()
com.alipay.sdk.app.EnvUtils
com.alipay.sdk.app.EnvUtils: com.alipay.sdk.app.EnvUtils$EnvEnum mEnv
com.alipay.sdk.app.EnvUtils: EnvUtils()
com.alipay.sdk.app.EnvUtils: void setEnv(com.alipay.sdk.app.EnvUtils$EnvEnum)
com.alipay.sdk.app.EnvUtils: com.alipay.sdk.app.EnvUtils$EnvEnum geEnv()
com.alipay.sdk.app.EnvUtils: boolean isSandBox()
com.alipay.sdk.app.EnvUtils: void <clinit>()
com.alipay.sdk.app.EnvUtils$EnvEnum
com.alipay.sdk.app.EnvUtils$EnvEnum: com.alipay.sdk.app.EnvUtils$EnvEnum ONLINE
com.alipay.sdk.app.EnvUtils$EnvEnum: com.alipay.sdk.app.EnvUtils$EnvEnum SANDBOX
com.alipay.sdk.app.EnvUtils$EnvEnum: com.alipay.sdk.app.EnvUtils$EnvEnum[] $VALUES
com.alipay.sdk.app.EnvUtils$EnvEnum: com.alipay.sdk.app.EnvUtils$EnvEnum[] values()
com.alipay.sdk.app.EnvUtils$EnvEnum: com.alipay.sdk.app.EnvUtils$EnvEnum valueOf(java.lang.String)
com.alipay.sdk.app.EnvUtils$EnvEnum: EnvUtils$EnvEnum(java.lang.String,int)
com.alipay.sdk.app.EnvUtils$EnvEnum: void <clinit>()
com.alipay.sdk.app.H5AuthActivity
com.alipay.sdk.app.H5AuthActivity: H5AuthActivity()
com.alipay.sdk.app.H5AuthActivity: void a()
com.alipay.sdk.app.H5PayActivity
com.alipay.sdk.app.H5PayActivity: android.webkit.WebView a
com.alipay.sdk.app.H5PayActivity: android.webkit.WebViewClient b
com.alipay.sdk.app.H5PayActivity: H5PayActivity()
com.alipay.sdk.app.H5PayActivity: void onCreate(android.os.Bundle)
com.alipay.sdk.app.H5PayActivity: void b()
com.alipay.sdk.app.H5PayActivity: void onBackPressed()
com.alipay.sdk.app.H5PayActivity: void finish()
com.alipay.sdk.app.H5PayActivity: void a()
com.alipay.sdk.app.H5PayActivity: void onConfigurationChanged(android.content.res.Configuration)
com.alipay.sdk.app.H5PayActivity: void onDestroy()