MyCar2/MyCar/lib/pingpp/build/outputs/mapping/release/mapping.txt
com.unionpay.mobile.android.nocard.views.u -> com.unionpay.mobile.android.nocard.views.u:
    com.unionpay.mobile.android.nocard.views.o a -> a
    void <init>(com.unionpay.mobile.android.nocard.views.o) -> <init>
    void onClick(android.view.View) -> onClick
com.unionpay.mobile.android.nocard.views.v -> com.unionpay.mobile.android.nocard.views.v:
    com.unionpay.mobile.android.nocard.views.o a -> a
    void <init>(com.unionpay.mobile.android.nocard.views.o) -> <init>
    void onClick(android.view.View) -> onClick
com.unionpay.mobile.android.nocard.views.w -> com.unionpay.mobile.android.nocard.views.w:
    com.unionpay.mobile.android.nocard.views.o a -> a
    void <init>(com.unionpay.mobile.android.nocard.views.o) -> <init>
    void onClick(android.view.View) -> onClick
com.unionpay.mobile.android.nocard.views.x -> com.unionpay.mobile.android.nocard.views.x:
    com.unionpay.mobile.android.nocard.views.o a -> a
    void <init>(com.unionpay.mobile.android.nocard.views.o) -> <init>
    void onClick(android.view.View) -> onClick
com.unionpay.mobile.android.nocard.views.xlistview.a -> com.unionpay.mobile.android.nocard.views.xlistview.a:
    java.util.List a(android.content.Context,java.util.List,boolean) -> a
    org.json.JSONObject a(org.json.JSONObject,java.lang.String) -> a
com.unionpay.mobile.android.nocard.views.y -> com.unionpay.mobile.android.nocard.views.y:
    com.unionpay.mobile.android.nocard.views.o a -> a
    void <init>(com.unionpay.mobile.android.nocard.views.o) -> <init>
    void onClick(android.view.View) -> onClick
com.unionpay.mobile.android.nocard.views.z -> com.unionpay.mobile.android.nocard.views.z:
    com.unionpay.mobile.android.nocard.views.o a -> a
    void <init>(com.unionpay.mobile.android.nocard.views.o) -> <init>
    void a(int) -> a
com.unionpay.mobile.android.pboctransaction.AppIdentification -> com.unionpay.mobile.android.pboctransaction.AppIdentification:
    java.lang.String a -> a
    java.lang.String b -> b
    android.os.Parcelable$Creator CREATOR -> CREATOR
    void <init>() -> <init>
    void <init>(java.lang.String,java.lang.String) -> <init>
    java.lang.String a() -> a
    java.lang.String b() -> b
    boolean c() -> c
    int describeContents() -> describeContents
    void writeToParcel(android.os.Parcel,int) -> writeToParcel
    boolean equals(java.lang.Object) -> equals
    int hashCode() -> hashCode
    java.lang.String toString() -> toString
    int compareTo(java.lang.Object) -> compareTo
    void <init>(byte) -> <init>
    java.lang.String a(com.unionpay.mobile.android.pboctransaction.AppIdentification,java.lang.String) -> a
    java.lang.String b(com.unionpay.mobile.android.pboctransaction.AppIdentification,java.lang.String) -> b
    void <clinit>() -> <clinit>
com.unionpay.mobile.android.pboctransaction.a -> com.unionpay.mobile.android.pboctransaction.a:
    void <init>() -> <init>
    java.lang.Object[] newArray(int) -> newArray
    java.lang.Object createFromParcel(android.os.Parcel) -> createFromParcel
com.unionpay.mobile.android.pboctransaction.b -> com.unionpay.mobile.android.pboctransaction.b:
    void a() -> a
    void b() -> b
com.unionpay.mobile.android.pboctransaction.c -> com.unionpay.mobile.android.pboctransaction.c:
    void a(com.unionpay.mobile.android.pboctransaction.b,android.content.Context) -> a
    void a() -> a
    void b() -> b
    void c() -> c
    java.util.ArrayList a(com.unionpay.mobile.android.pboctransaction.d) -> a
    byte[] a(byte[],int) -> a
    java.lang.String a(java.lang.String) -> a
    void d() -> d