MyCar2/MyCar/lib/pingpp/build/outputs/mapping/release/usage.txt
cmb.pb.cmbsafe.SaveObj
cmb.pb.cmbsafe.b:
    public static void a(android.app.Application,cmb.pb.ui.cmbwidget.CmbEditText)
cmb.pb.ui.PBKeyboardActivity:
    public boolean a
    public boolean b
    private final java.lang.String H
    private android.view.View$OnClickListener J
    public PBKeyboardActivity()
    private void a(android.inputmethodservice.Keyboard)
    public void a()
    private boolean a(java.lang.String)
    private void a(android.view.View)
    private void j()
    public static void a(cmb.pb.ui.cmbwidget.e)
    public void b()
    public static cmb.pb.ui.PBKeyboardActivity c()
    static synthetic void a(cmb.pb.ui.PBKeyboardActivity)
    static synthetic android.widget.TextView b(cmb.pb.ui.PBKeyboardActivity)
    static synthetic android.app.Activity c(cmb.pb.ui.PBKeyboardActivity)
    static synthetic android.view.View$OnClickListener d(cmb.pb.ui.PBKeyboardActivity)
    static synthetic android.inputmethodservice.KeyboardView e(cmb.pb.ui.PBKeyboardActivity)
    static synthetic android.inputmethodservice.Keyboard f(cmb.pb.ui.PBKeyboardActivity)
    static synthetic void a(cmb.pb.ui.PBKeyboardActivity,cmb.pb.ui.f)
    static synthetic android.widget.EditText g(cmb.pb.ui.PBKeyboardActivity)
    static synthetic boolean h(cmb.pb.ui.PBKeyboardActivity)
    static synthetic cmb.pb.ui.cmbwidget.e e()
    static synthetic cmb.pb.ui.f i(cmb.pb.ui.PBKeyboardActivity)
    static synthetic android.inputmethodservice.Keyboard j(cmb.pb.ui.PBKeyboardActivity)
    static synthetic void a(cmb.pb.ui.PBKeyboardActivity,android.inputmethodservice.Keyboard)
cmb.pb.ui.a
cmb.pb.ui.b
cmb.pb.ui.c
cmb.pb.ui.cmbwidget.CmbEditText:
    public boolean a
    public boolean b
    private int d
    private int e
    private boolean g
    private cmb.pb.ui.cmbwidget.b h
    private cmb.pb.ui.cmbwidget.d i
    private boolean l
    public CmbEditText(android.content.Context,android.util.AttributeSet)
    public CmbEditText(android.content.Context,android.util.AttributeSet,int)
    private void a(android.content.Context,android.util.AttributeSet)
    public void a()
    private void e()
    private void a(int)
    private int f()
    private void g()
    private void a(android.view.View)
    public void b()
    public void c()
    public void showCMBKeyboardWindow2()
    public void d()
    private void a(android.widget.EditText)
    static synthetic void a(cmb.pb.ui.cmbwidget.CmbEditText,android.view.View)
    static synthetic void a(cmb.pb.ui.cmbwidget.CmbEditText)
    static synthetic void a(cmb.pb.ui.cmbwidget.CmbEditText,android.widget.EditText)
    static synthetic boolean b(cmb.pb.ui.cmbwidget.CmbEditText)
    static synthetic android.graphics.drawable.Drawable c(cmb.pb.ui.cmbwidget.CmbEditText)
    static synthetic void a(cmb.pb.ui.cmbwidget.CmbEditText,boolean)
    static synthetic boolean d(cmb.pb.ui.cmbwidget.CmbEditText)
    static synthetic void b(cmb.pb.ui.cmbwidget.CmbEditText,boolean)
    static synthetic android.app.Activity e(cmb.pb.ui.cmbwidget.CmbEditText)
cmb.pb.ui.cmbwidget.a
cmb.pb.ui.cmbwidget.b
cmb.pb.ui.cmbwidget.c
cmb.pb.ui.cmbwidget.d
cmb.pb.ui.cmbwidget.e:
    private int a
    public e(int,java.lang.String)
    public void c()
    public void a(int,java.lang.String)
    public void a(int)
cmb.pb.ui.d
cmb.pb.ui.e
cmb.pb.util.CMBKeyboardFunc:
    public void callKeyBoardActivity()
cmb.pb.util.a:
    public static java.lang.String a(byte[])
cmb.pb.util.g:
    public static java.lang.String a(java.lang.String,java.security.Key)
com.UCMobile.PayPlugin.PayInterface
com.UCMobile.PayPlugin.PayPluginService
com.UCMobile.PayPlugin.PayResultReceiver
com.UCMobile.PayPlugin.PluginIcon
com.UCMobile.PayPlugin.PluginSurfaceView
com.UCMobile.PayPlugin.a